<?xml version="1.0" encoding="UTF-8"?>
<!-- Generated by org.testng.reporters.JUnitReportReporter -->
<testsuite skipped="0" hostname="DESKTOP-OVVJR1P" name="com.githubapp.theinternet.testCases.TC001" tests="1" failures="0" timestamp="19 Jul 2020 23:46:49 GMT" time="10.692" errors="0">
  <testcase name="clickForExplore" time="10.692" classname="com.githubapp.theinternet.testCases.TC001"/>
</testsuite> <!-- com.githubapp.theinternet.testCases.TC001 -->
