<?xml version="1.0" encoding="UTF-8"?>
<!-- Generated by org.testng.reporters.JUnitReportReporter -->
<testsuite skipped="0" hostname="DESKTOP-OVVJR1P" name="com.githubapp.theinternet.testCases.TC002" tests="1" failures="0" timestamp="19 Jul 2020 23:46:49 GMT" time="6.349" errors="0">
  <testcase name="clickForRepositories" time="6.349" classname="com.githubapp.theinternet.testCases.TC002"/>
</testsuite> <!-- com.githubapp.theinternet.testCases.TC002 -->
